15-Mar-2017 15:56:47.484 INFO [main] org.apache.catalina.startup.VersionLoggerListener.log Server version:        Apache Tomcat/8.5.12
15-Mar-2017 15:56:47.490 INFO [main] org.apache.catalina.startup.VersionLoggerListener.log Server built:          Mar 8 2017 17:41:47 UTC
15-Mar-2017 15:56:47.529 INFO [main] org.apache.catalina.startup.VersionLoggerListener.log Server number:         8.5.12.0
15-Mar-2017 15:56:47.541 INFO [main] org.apache.catalina.startup.VersionLoggerListener.log OS Name:               Windows NT (unknown)
15-Mar-2017 15:56:47.542 INFO [main] org.apache.catalina.startup.VersionLoggerListener.log OS Version:            10.0
15-Mar-2017 15:56:47.543 INFO [main] org.apache.catalina.startup.VersionLoggerListener.log Architecture:          amd64
15-Mar-2017 15:56:47.543 INFO [main] org.apache.catalina.startup.VersionLoggerListener.log Java Home:             C:\Java\jdk1.8.0_111\jre
15-Mar-2017 15:56:47.543 INFO [main] org.apache.catalina.startup.VersionLoggerListener.log JVM Version:           1.8.0_111-b14
15-Mar-2017 15:56:47.543 INFO [main] org.apache.catalina.startup.VersionLoggerListener.log JVM Vendor:            Oracle Corporation
15-Mar-2017 15:56:47.544 INFO [main] org.apache.catalina.startup.VersionLoggerListener.log CATALINA_BASE:         C:\Tomcat\apache-tomcat-8.5.12
15-Mar-2017 15:56:47.545 INFO [main] org.apache.catalina.startup.VersionLoggerListener.log CATALINA_HOME:         C:\Tomcat\apache-tomcat-8.5.12
15-Mar-2017 15:56:47.545 INFO [main] org.apache.catalina.startup.VersionLoggerListener.log Command line argument: -Djava.util.logging.config.file=C:\Tomcat\apache-tomcat-8.5.12\conf\logging.properties
15-Mar-2017 15:56:47.546 INFO [main] org.apache.catalina.startup.VersionLoggerListener.log Command line argument: -Djava.util.logging.manager=org.apache.juli.ClassLoaderLogManager
15-Mar-2017 15:56:47.546 INFO [main] org.apache.catalina.startup.VersionLoggerListener.log Command line argument: -Djdk.tls.ephemeralDHKeySize=2048
15-Mar-2017 15:56:47.546 INFO [main] org.apache.catalina.startup.VersionLoggerListener.log Command line argument: -Djava.protocol.handler.pkgs=org.apache.catalina.webresources
15-Mar-2017 15:56:47.547 INFO [main] org.apache.catalina.startup.VersionLoggerListener.log Command line argument: -Dcatalina.base=C:\Tomcat\apache-tomcat-8.5.12
15-Mar-2017 15:56:47.550 INFO [main] org.apache.catalina.startup.VersionLoggerListener.log Command line argument: -Dcatalina.home=C:\Tomcat\apache-tomcat-8.5.12
15-Mar-2017 15:56:47.551 INFO [main] org.apache.catalina.startup.VersionLoggerListener.log Command line argument: -Djava.io.tmpdir=C:\Tomcat\apache-tomcat-8.5.12\temp
15-Mar-2017 15:56:47.551 INFO [main] org.apache.catalina.core.AprLifecycleListener.lifecycleEvent Loaded APR based Apache Tomcat Native library 1.2.12 using APR version 1.5.2.
15-Mar-2017 15:56:47.554 INFO [main] org.apache.catalina.core.AprLifecycleListener.lifecycleEvent APR capabilities: IPv6 [true], sendfile [true], accept filters [false], random [true].
15-Mar-2017 15:56:47.556 INFO [main] org.apache.catalina.core.AprLifecycleListener.lifecycleEvent APR/OpenSSL configuration: useAprConnector [false], useOpenSSL [true]
15-Mar-2017 15:56:48.286 INFO [main] org.apache.catalina.core.AprLifecycleListener.initializeSSL OpenSSL successfully initialized (OpenSSL 1.0.2k  26 Jan 2017)
15-Mar-2017 15:56:48.547 INFO [main] org.apache.coyote.AbstractProtocol.init Initializing ProtocolHandler ["http-nio-8080"]
15-Mar-2017 15:56:48.674 INFO [main] org.apache.tomcat.util.net.NioSelectorPool.getSharedSelector Using a shared selector for servlet write/read
15-Mar-2017 15:56:48.690 INFO [main] org.apache.coyote.AbstractProtocol.init Initializing ProtocolHandler ["ajp-nio-8009"]
15-Mar-2017 15:56:48.690 INFO [main] org.apache.tomcat.util.net.NioSelectorPool.getSharedSelector Using a shared selector for servlet write/read
15-Mar-2017 15:56:48.690 INFO [main] org.apache.catalina.startup.Catalina.load Initialization processed in 1841 ms
15-Mar-2017 15:56:48.784 INFO [main] org.apache.catalina.core.StandardService.startInternal Starting service Catalina
15-Mar-2017 15:56:48.789 INFO [main] org.apache.catalina.core.StandardEngine.startInternal Starting Servlet Engine: Apache Tomcat/8.5.12
15-Mar-2017 15:56:48.811 INFO [localhost-startStop-1] org.apache.catalina.startup.HostConfig.deployDirectory Deploying web application directory C:\Tomcat\apache-tomcat-8.5.12\webapps\docs
15-Mar-2017 15:56:49.256 INFO [localhost-startStop-1] org.apache.catalina.startup.HostConfig.deployDirectory Deployment of web application directory C:\Tomcat\apache-tomcat-8.5.12\webapps\docs has finished in 444 ms
15-Mar-2017 15:56:49.257 INFO [localhost-startStop-1] org.apache.catalina.startup.HostConfig.deployDirectory Deploying web application directory C:\Tomcat\apache-tomcat-8.5.12\webapps\examples
15-Mar-2017 15:56:49.582 INFO [localhost-startStop-1] org.apache.catalina.startup.HostConfig.deployDirectory Deployment of web application directory C:\Tomcat\apache-tomcat-8.5.12\webapps\examples has finished in 325 ms
15-Mar-2017 15:56:49.582 INFO [localhost-startStop-1] org.apache.catalina.startup.HostConfig.deployDirectory Deploying web application directory C:\Tomcat\apache-tomcat-8.5.12\webapps\host-manager
15-Mar-2017 15:56:49.629 INFO [localhost-startStop-1] org.apache.catalina.startup.HostConfig.deployDirectory Deployment of web application directory C:\Tomcat\apache-tomcat-8.5.12\webapps\host-manager has finished in 47 ms
15-Mar-2017 15:56:49.629 INFO [localhost-startStop-1] org.apache.catalina.startup.HostConfig.deployDirectory Deploying web application directory C:\Tomcat\apache-tomcat-8.5.12\webapps\manager
15-Mar-2017 15:56:49.688 INFO [localhost-startStop-1] org.apache.catalina.startup.HostConfig.deployDirectory Deployment of web application directory C:\Tomcat\apache-tomcat-8.5.12\webapps\manager has finished in 59 ms
15-Mar-2017 15:56:49.692 INFO [localhost-startStop-1] org.apache.catalina.startup.HostConfig.deployDirectory Deploying web application directory C:\Tomcat\apache-tomcat-8.5.12\webapps\ROOT
15-Mar-2017 15:56:49.709 INFO [localhost-startStop-1] org.apache.catalina.startup.HostConfig.deployDirectory Deployment of web application directory C:\Tomcat\apache-tomcat-8.5.12\webapps\ROOT has finished in 17 ms
15-Mar-2017 15:56:49.724 INFO [main] org.apache.coyote.AbstractProtocol.start Starting ProtocolHandler [http-nio-8080]
15-Mar-2017 15:56:49.724 INFO [main] org.apache.coyote.AbstractProtocol.start Starting ProtocolHandler [ajp-nio-8009]
15-Mar-2017 15:56:49.724 INFO [main] org.apache.catalina.startup.Catalina.start Server startup in 1034 ms
15-Mar-2017 15:57:24.095 INFO [Thread-5] org.apache.coyote.AbstractProtocol.pause Pausing ProtocolHandler ["http-nio-8080"]
15-Mar-2017 15:57:24.188 INFO [Thread-5] org.apache.coyote.AbstractProtocol.pause Pausing ProtocolHandler ["ajp-nio-8009"]
15-Mar-2017 15:57:24.219 INFO [Thread-5] org.apache.catalina.core.StandardService.stopInternal Stopping service Catalina
15-Mar-2017 15:57:24.266 INFO [Thread-5] org.apache.coyote.AbstractProtocol.stop Stopping ProtocolHandler ["http-nio-8080"]
15-Mar-2017 15:57:24.266 INFO [Thread-5] org.apache.coyote.AbstractProtocol.stop Stopping ProtocolHandler ["ajp-nio-8009"]
15-Mar-2017 15:57:24.266 INFO [Thread-5] org.apache.coyote.AbstractProtocol.destroy Destroying ProtocolHandler ["http-nio-8080"]
15-Mar-2017 15:57:24.266 INFO [Thread-5] org.apache.coyote.AbstractProtocol.destroy Destroying ProtocolHandler ["ajp-nio-8009"]
15-Mar-2017 15:58:08.276 INFO [main] org.apache.catalina.startup.VersionLoggerListener.log Server version:        Apache Tomcat/8.5.12
15-Mar-2017 15:58:08.283 INFO [main] org.apache.catalina.startup.VersionLoggerListener.log Server built:          Mar 8 2017 17:41:47 UTC
15-Mar-2017 15:58:08.283 INFO [main] org.apache.catalina.startup.VersionLoggerListener.log Server number:         8.5.12.0
15-Mar-2017 15:58:08.284 INFO [main] org.apache.catalina.startup.VersionLoggerListener.log OS Name:               Windows NT (unknown)
15-Mar-2017 15:58:08.285 INFO [main] org.apache.catalina.startup.VersionLoggerListener.log OS Version:            10.0
15-Mar-2017 15:58:08.285 INFO [main] org.apache.catalina.startup.VersionLoggerListener.log Architecture:          amd64
15-Mar-2017 15:58:08.287 INFO [main] org.apache.catalina.startup.VersionLoggerListener.log Java Home:             C:\Java\jdk1.8.0_111\jre
15-Mar-2017 15:58:08.290 INFO [main] org.apache.catalina.startup.VersionLoggerListener.log JVM Version:           1.8.0_111-b14
15-Mar-2017 15:58:08.291 INFO [main] org.apache.catalina.startup.VersionLoggerListener.log JVM Vendor:            Oracle Corporation
15-Mar-2017 15:58:08.292 INFO [main] org.apache.catalina.startup.VersionLoggerListener.log CATALINA_BASE:         C:\Tomcat\apache-tomcat-8.5.12
15-Mar-2017 15:58:08.293 INFO [main] org.apache.catalina.startup.VersionLoggerListener.log CATALINA_HOME:         C:\Tomcat\apache-tomcat-8.5.12
15-Mar-2017 15:58:08.295 INFO [main] org.apache.catalina.startup.VersionLoggerListener.log Command line argument: -Djava.util.logging.config.file=C:\Tomcat\apache-tomcat-8.5.12\conf\logging.properties
15-Mar-2017 15:58:08.300 INFO [main] org.apache.catalina.startup.VersionLoggerListener.log Command line argument: -Djava.util.logging.manager=org.apache.juli.ClassLoaderLogManager
15-Mar-2017 15:58:08.301 INFO [main] org.apache.catalina.startup.VersionLoggerListener.log Command line argument: -Djdk.tls.ephemeralDHKeySize=2048
15-Mar-2017 15:58:08.301 INFO [main] org.apache.catalina.startup.VersionLoggerListener.log Command line argument: -Djava.protocol.handler.pkgs=org.apache.catalina.webresources
15-Mar-2017 15:58:08.303 INFO [main] org.apache.catalina.startup.VersionLoggerListener.log Command line argument: -Dcatalina.base=C:\Tomcat\apache-tomcat-8.5.12
15-Mar-2017 15:58:08.304 INFO [main] org.apache.catalina.startup.VersionLoggerListener.log Command line argument: -Dcatalina.home=C:\Tomcat\apache-tomcat-8.5.12
15-Mar-2017 15:58:08.305 INFO [main] org.apache.catalina.startup.VersionLoggerListener.log Command line argument: -Djava.io.tmpdir=C:\Tomcat\apache-tomcat-8.5.12\temp
15-Mar-2017 15:58:08.306 INFO [main] org.apache.catalina.core.AprLifecycleListener.lifecycleEvent Loaded APR based Apache Tomcat Native library 1.2.12 using APR version 1.5.2.
15-Mar-2017 15:58:08.306 INFO [main] org.apache.catalina.core.AprLifecycleListener.lifecycleEvent APR capabilities: IPv6 [true], sendfile [true], accept filters [false], random [true].
15-Mar-2017 15:58:08.308 INFO [main] org.apache.catalina.core.AprLifecycleListener.lifecycleEvent APR/OpenSSL configuration: useAprConnector [false], useOpenSSL [true]
15-Mar-2017 15:58:09.015 INFO [main] org.apache.catalina.core.AprLifecycleListener.initializeSSL OpenSSL successfully initialized (OpenSSL 1.0.2k  26 Jan 2017)
15-Mar-2017 15:58:09.161 INFO [main] org.apache.coyote.AbstractProtocol.init Initializing ProtocolHandler ["http-nio-8080"]
15-Mar-2017 15:58:09.320 INFO [main] org.apache.tomcat.util.net.NioSelectorPool.getSharedSelector Using a shared selector for servlet write/read
15-Mar-2017 15:58:09.336 INFO [main] org.apache.coyote.AbstractProtocol.init Initializing ProtocolHandler ["ajp-nio-8009"]
15-Mar-2017 15:58:09.336 INFO [main] org.apache.tomcat.util.net.NioSelectorPool.getSharedSelector Using a shared selector for servlet write/read
15-Mar-2017 15:58:09.336 INFO [main] org.apache.catalina.startup.Catalina.load Initialization processed in 1520 ms
15-Mar-2017 15:58:09.367 INFO [main] org.apache.catalina.core.StandardService.startInternal Starting service Catalina
15-Mar-2017 15:58:09.367 INFO [main] org.apache.catalina.core.StandardEngine.startInternal Starting Servlet Engine: Apache Tomcat/8.5.12
15-Mar-2017 15:58:09.382 INFO [localhost-startStop-1] org.apache.catalina.startup.HostConfig.deployDirectory Deploying web application directory C:\Tomcat\apache-tomcat-8.5.12\webapps\docs
15-Mar-2017 15:58:10.174 INFO [localhost-startStop-1] org.apache.jasper.servlet.TldScanner.scanJars At least one JAR was scanned for TLDs yet contained no TLDs. Enable debug logging for this logger for a complete list of JARs that were scanned but no TLDs were found in them. Skipping unneeded JARs during scanning can improve startup time and JSP compilation time.
15-Mar-2017 15:58:10.207 INFO [localhost-startStop-1] org.apache.catalina.startup.HostConfig.deployDirectory Deployment of web application directory C:\Tomcat\apache-tomcat-8.5.12\webapps\docs has finished in 825 ms
15-Mar-2017 15:58:10.207 INFO [localhost-startStop-1] org.apache.catalina.startup.HostConfig.deployDirectory Deploying web application directory C:\Tomcat\apache-tomcat-8.5.12\webapps\examples
15-Mar-2017 15:58:10.692 INFO [localhost-startStop-1] org.apache.jasper.servlet.TldScanner.scanJars At least one JAR was scanned for TLDs yet contained no TLDs. Enable debug logging for this logger for a complete list of JARs that were scanned but no TLDs were found in them. Skipping unneeded JARs during scanning can improve startup time and JSP compilation time.
15-Mar-2017 15:58:10.738 INFO [localhost-startStop-1] org.apache.catalina.startup.HostConfig.deployDirectory Deployment of web application directory C:\Tomcat\apache-tomcat-8.5.12\webapps\examples has finished in 531 ms
15-Mar-2017 15:58:10.738 INFO [localhost-startStop-1] org.apache.catalina.startup.HostConfig.deployDirectory Deploying web application directory C:\Tomcat\apache-tomcat-8.5.12\webapps\host-manager
15-Mar-2017 15:58:11.030 INFO [localhost-startStop-1] org.apache.jasper.servlet.TldScanner.scanJars At least one JAR was scanned for TLDs yet contained no TLDs. Enable debug logging for this logger for a complete list of JARs that were scanned but no TLDs were found in them. Skipping unneeded JARs during scanning can improve startup time and JSP compilation time.
15-Mar-2017 15:58:11.046 INFO [localhost-startStop-1] org.apache.catalina.startup.HostConfig.deployDirectory Deployment of web application directory C:\Tomcat\apache-tomcat-8.5.12\webapps\host-manager has finished in 308 ms
15-Mar-2017 15:58:11.046 INFO [localhost-startStop-1] org.apache.catalina.startup.HostConfig.deployDirectory Deploying web application directory C:\Tomcat\apache-tomcat-8.5.12\webapps\manager
15-Mar-2017 15:58:11.249 INFO [localhost-startStop-1] org.apache.jasper.servlet.TldScanner.scanJars At least one JAR was scanned for TLDs yet contained no TLDs. Enable debug logging for this logger for a complete list of JARs that were scanned but no TLDs were found in them. Skipping unneeded JARs during scanning can improve startup time and JSP compilation time.
15-Mar-2017 15:58:11.249 INFO [localhost-startStop-1] org.apache.catalina.startup.HostConfig.deployDirectory Deployment of web application directory C:\Tomcat\apache-tomcat-8.5.12\webapps\manager has finished in 203 ms
15-Mar-2017 15:58:11.249 INFO [localhost-startStop-1] org.apache.catalina.startup.HostConfig.deployDirectory Deploying web application directory C:\Tomcat\apache-tomcat-8.5.12\webapps\ROOT
15-Mar-2017 15:58:11.452 INFO [localhost-startStop-1] org.apache.jasper.servlet.TldScanner.scanJars At least one JAR was scanned for TLDs yet contained no TLDs. Enable debug logging for this logger for a complete list of JARs that were scanned but no TLDs were found in them. Skipping unneeded JARs during scanning can improve startup time and JSP compilation time.
15-Mar-2017 15:58:11.452 INFO [localhost-startStop-1] org.apache.catalina.startup.HostConfig.deployDirectory Deployment of web application directory C:\Tomcat\apache-tomcat-8.5.12\webapps\ROOT has finished in 203 ms
15-Mar-2017 15:58:11.468 INFO [main] org.apache.coyote.AbstractProtocol.start Starting ProtocolHandler [http-nio-8080]
15-Mar-2017 15:58:11.468 INFO [main] org.apache.coyote.AbstractProtocol.start Starting ProtocolHandler [ajp-nio-8009]
15-Mar-2017 15:58:11.468 INFO [main] org.apache.catalina.startup.Catalina.start Server startup in 2135 ms
15-Mar-2017 15:58:27.197 INFO [Thread-5] org.apache.coyote.AbstractProtocol.pause Pausing ProtocolHandler ["http-nio-8080"]
15-Mar-2017 15:58:27.290 INFO [Thread-5] org.apache.coyote.AbstractProtocol.pause Pausing ProtocolHandler ["ajp-nio-8009"]
15-Mar-2017 15:58:27.321 INFO [Thread-5] org.apache.catalina.core.StandardService.stopInternal Stopping service Catalina
15-Mar-2017 15:58:27.368 INFO [Thread-5] org.apache.coyote.AbstractProtocol.stop Stopping ProtocolHandler ["http-nio-8080"]
15-Mar-2017 15:58:27.384 INFO [Thread-5] org.apache.coyote.AbstractProtocol.stop Stopping ProtocolHandler ["ajp-nio-8009"]
15-Mar-2017 15:58:27.384 INFO [Thread-5] org.apache.coyote.AbstractProtocol.destroy Destroying ProtocolHandler ["http-nio-8080"]
15-Mar-2017 15:58:27.384 INFO [Thread-5] org.apache.coyote.AbstractProtocol.destroy Destroying ProtocolHandler ["ajp-nio-8009"]
15-Mar-2017 15:58:34.846 INFO [main] org.apache.catalina.startup.VersionLoggerListener.log Server version:        Apache Tomcat/8.5.12
15-Mar-2017 15:58:34.861 INFO [main] org.apache.catalina.startup.VersionLoggerListener.log Server built:          Mar 8 2017 17:41:47 UTC
15-Mar-2017 15:58:34.861 INFO [main] org.apache.catalina.startup.VersionLoggerListener.log Server number:         8.5.12.0
15-Mar-2017 15:58:34.861 INFO [main] org.apache.catalina.startup.VersionLoggerListener.log OS Name:               Windows NT (unknown)
15-Mar-2017 15:58:34.861 INFO [main] org.apache.catalina.startup.VersionLoggerListener.log OS Version:            10.0
15-Mar-2017 15:58:34.861 INFO [main] org.apache.catalina.startup.VersionLoggerListener.log Architecture:          amd64
15-Mar-2017 15:58:34.861 INFO [main] org.apache.catalina.startup.VersionLoggerListener.log Java Home:             C:\Java\jdk1.8.0_111\jre
15-Mar-2017 15:58:34.861 INFO [main] org.apache.catalina.startup.VersionLoggerListener.log JVM Version:           1.8.0_111-b14
15-Mar-2017 15:58:34.861 INFO [main] org.apache.catalina.startup.VersionLoggerListener.log JVM Vendor:            Oracle Corporation
15-Mar-2017 15:58:34.861 INFO [main] org.apache.catalina.startup.VersionLoggerListener.log CATALINA_BASE:         C:\Tomcat\apache-tomcat-8.5.12
15-Mar-2017 15:58:34.861 INFO [main] org.apache.catalina.startup.VersionLoggerListener.log CATALINA_HOME:         C:\Tomcat\apache-tomcat-8.5.12
15-Mar-2017 15:58:34.861 INFO [main] org.apache.catalina.startup.VersionLoggerListener.log Command line argument: -Djava.util.logging.config.file=C:\Tomcat\apache-tomcat-8.5.12\conf\logging.properties
15-Mar-2017 15:58:34.861 INFO [main] org.apache.catalina.startup.VersionLoggerListener.log Command line argument: -Djava.util.logging.manager=org.apache.juli.ClassLoaderLogManager
15-Mar-2017 15:58:34.861 INFO [main] org.apache.catalina.startup.VersionLoggerListener.log Command line argument: -Djdk.tls.ephemeralDHKeySize=2048
15-Mar-2017 15:58:34.861 INFO [main] org.apache.catalina.startup.VersionLoggerListener.log Command line argument: -Djava.protocol.handler.pkgs=org.apache.catalina.webresources
15-Mar-2017 15:58:34.861 INFO [main] org.apache.catalina.startup.VersionLoggerListener.log Command line argument: -Dcatalina.base=C:\Tomcat\apache-tomcat-8.5.12
15-Mar-2017 15:58:34.861 INFO [main] org.apache.catalina.startup.VersionLoggerListener.log Command line argument: -Dcatalina.home=C:\Tomcat\apache-tomcat-8.5.12
15-Mar-2017 15:58:34.877 INFO [main] org.apache.catalina.startup.VersionLoggerListener.log Command line argument: -Djava.io.tmpdir=C:\Tomcat\apache-tomcat-8.5.12\temp
15-Mar-2017 15:58:34.877 INFO [main] org.apache.catalina.core.AprLifecycleListener.lifecycleEvent Loaded APR based Apache Tomcat Native library 1.2.12 using APR version 1.5.2.
15-Mar-2017 15:58:34.877 INFO [main] org.apache.catalina.core.AprLifecycleListener.lifecycleEvent APR capabilities: IPv6 [true], sendfile [true], accept filters [false], random [true].
15-Mar-2017 15:58:34.877 INFO [main] org.apache.catalina.core.AprLifecycleListener.lifecycleEvent APR/OpenSSL configuration: useAprConnector [false], useOpenSSL [true]
15-Mar-2017 15:58:35.471 INFO [main] org.apache.catalina.core.AprLifecycleListener.initializeSSL OpenSSL successfully initialized (OpenSSL 1.0.2k  26 Jan 2017)
15-Mar-2017 15:58:35.596 INFO [main] org.apache.coyote.AbstractProtocol.init Initializing ProtocolHandler ["http-nio-8080"]
15-Mar-2017 15:58:35.746 INFO [main] org.apache.tomcat.util.net.NioSelectorPool.getSharedSelector Using a shared selector for servlet write/read
15-Mar-2017 15:58:35.749 INFO [main] org.apache.coyote.AbstractProtocol.init Initializing ProtocolHandler ["ajp-nio-8009"]
15-Mar-2017 15:58:35.749 INFO [main] org.apache.tomcat.util.net.NioSelectorPool.getSharedSelector Using a shared selector for servlet write/read
15-Mar-2017 15:58:35.749 INFO [main] org.apache.catalina.startup.Catalina.load Initialization processed in 1303 ms
15-Mar-2017 15:58:35.765 INFO [main] org.apache.catalina.core.StandardService.startInternal Starting service Catalina
15-Mar-2017 15:58:35.780 INFO [main] org.apache.catalina.core.StandardEngine.startInternal Starting Servlet Engine: Apache Tomcat/8.5.12
15-Mar-2017 15:58:35.811 INFO [localhost-startStop-1] org.apache.catalina.startup.HostConfig.deployWAR Deploying web application archive C:\Tomcat\apache-tomcat-8.5.12\webapps\ODKAggregate.war
15-Mar-2017 15:59:22.513 INFO [localhost-startStop-1] org.apache.catalina.startup.HostConfig.deployWAR Deployment of web application archive C:\Tomcat\apache-tomcat-8.5.12\webapps\ODKAggregate.war has finished in 46,700 ms
15-Mar-2017 15:59:22.516 INFO [localhost-startStop-1] org.apache.catalina.startup.HostConfig.deployDirectory Deploying web application directory C:\Tomcat\apache-tomcat-8.5.12\webapps\docs
15-Mar-2017 15:59:22.796 INFO [localhost-startStop-1] org.apache.catalina.startup.HostConfig.deployDirectory Deployment of web application directory C:\Tomcat\apache-tomcat-8.5.12\webapps\docs has finished in 280 ms
15-Mar-2017 15:59:22.798 INFO [localhost-startStop-1] org.apache.catalina.startup.HostConfig.deployDirectory Deploying web application directory C:\Tomcat\apache-tomcat-8.5.12\webapps\examples
15-Mar-2017 15:59:23.275 INFO [localhost-startStop-1] org.apache.catalina.startup.HostConfig.deployDirectory Deployment of web application directory C:\Tomcat\apache-tomcat-8.5.12\webapps\examples has finished in 477 ms
15-Mar-2017 15:59:23.284 INFO [localhost-startStop-1] org.apache.catalina.startup.HostConfig.deployDirectory Deploying web application directory C:\Tomcat\apache-tomcat-8.5.12\webapps\host-manager
15-Mar-2017 15:59:23.648 INFO [localhost-startStop-1] org.apache.catalina.startup.HostConfig.deployDirectory Deployment of web application directory C:\Tomcat\apache-tomcat-8.5.12\webapps\host-manager has finished in 365 ms
15-Mar-2017 15:59:23.648 INFO [localhost-startStop-1] org.apache.catalina.startup.HostConfig.deployDirectory Deploying web application directory C:\Tomcat\apache-tomcat-8.5.12\webapps\manager
15-Mar-2017 15:59:23.853 INFO [localhost-startStop-1] org.apache.catalina.startup.HostConfig.deployDirectory Deployment of web application directory C:\Tomcat\apache-tomcat-8.5.12\webapps\manager has finished in 204 ms
15-Mar-2017 15:59:23.854 INFO [localhost-startStop-1] org.apache.catalina.startup.HostConfig.deployDirectory Deploying web application directory C:\Tomcat\apache-tomcat-8.5.12\webapps\ROOT
15-Mar-2017 15:59:24.065 INFO [localhost-startStop-1] org.apache.catalina.startup.HostConfig.deployDirectory Deployment of web application directory C:\Tomcat\apache-tomcat-8.5.12\webapps\ROOT has finished in 211 ms
15-Mar-2017 15:59:24.078 INFO [main] org.apache.coyote.AbstractProtocol.start Starting ProtocolHandler [http-nio-8080]
15-Mar-2017 15:59:24.101 INFO [main] org.apache.coyote.AbstractProtocol.start Starting ProtocolHandler [ajp-nio-8009]
15-Mar-2017 15:59:24.106 INFO [main] org.apache.catalina.startup.Catalina.start Server startup in 48352 ms
15-Mar-2017 15:59:54.424 INFO [Thread-223] org.apache.coyote.AbstractProtocol.pause Pausing ProtocolHandler ["http-nio-8080"]
15-Mar-2017 15:59:54.499 INFO [Thread-223] org.apache.coyote.AbstractProtocol.pause Pausing ProtocolHandler ["ajp-nio-8009"]
15-Mar-2017 15:59:54.577 INFO [Thread-223] org.apache.catalina.core.StandardService.stopInternal Stopping service Catalina
15-Mar-2017 15:59:54.820 WARNING [localhost-startStop-2] org.apache.catalina.loader.WebappClassLoaderBase.clearReferencesJdbc The web application [ODKAggregate] registered the JDBC driver [com.microsoft.sqlserver.jdbc.SQLServerDriver] but failed to unregister it when the web application was stopped. To prevent a memory leak, the JDBC Driver has been forcibly unregistered.
15-Mar-2017 15:59:54.820 SEVERE [localhost-startStop-2] org.apache.catalina.loader.WebappClassLoaderBase.checkThreadLocalMapForLeaks The web application [ODKAggregate] created a ThreadLocal with key of type [com.microsoft.sqlserver.jdbc.ActivityCorrelator$1] (value [com.microsoft.sqlserver.jdbc.ActivityCorrelator$1@2493e41a]) and a value of type [com.microsoft.sqlserver.jdbc.ActivityId] (value [a8502e13-1136-4239-b3e4-7d7b7a97e050-0]) but failed to remove it when the web application was stopped. Threads are going to be renewed over time to try and avoid a probable memory leak.
15-Mar-2017 15:59:54.836 SEVERE [localhost-startStop-2] org.apache.catalina.loader.WebappClassLoaderBase.checkThreadLocalMapForLeaks The web application [ODKAggregate] created a ThreadLocal with key of type [com.microsoft.sqlserver.jdbc.ActivityCorrelator$1] (value [com.microsoft.sqlserver.jdbc.ActivityCorrelator$1@2493e41a]) and a value of type [com.microsoft.sqlserver.jdbc.ActivityId] (value [a87d58fb-1b93-4ba3-bd67-9bfa78a13da7-0]) but failed to remove it when the web application was stopped. Threads are going to be renewed over time to try and avoid a probable memory leak.
15-Mar-2017 15:59:54.851 INFO [Thread-223] org.apache.coyote.AbstractProtocol.stop Stopping ProtocolHandler ["http-nio-8080"]
15-Mar-2017 15:59:54.851 INFO [Thread-223] org.apache.coyote.AbstractProtocol.stop Stopping ProtocolHandler ["ajp-nio-8009"]
15-Mar-2017 15:59:54.867 INFO [Thread-223] org.apache.coyote.AbstractProtocol.destroy Destroying ProtocolHandler ["http-nio-8080"]
15-Mar-2017 15:59:54.867 INFO [Thread-223] org.apache.coyote.AbstractProtocol.destroy Destroying ProtocolHandler ["ajp-nio-8009"]
